{
  "numFailedTestSuites": 0,
  "numFailedTests": 0,
  "numPassedTestSuites": 1,
  "numPassedTests": 5,
  "numPendingTestSuites": 0,
  "numPendingTests": 0,
  "numRuntimeErrorTestSuites": 0,
  "numTodoTests": 0,
  "numTotalTestSuites": 1,
  "numTotalTests": 5,
  "openHandles": [],
  "snapshot": {
    "added": 0,
    "didUpdate": false,
    "failure": false,
    "filesAdded": 0,
    "filesRemoved": 0,
    "filesRemovedList": [],
    "filesUnmatched": 0,
    "filesUpdated": 0,
    "matched": 0,
    "total": 0,
    "unchecked": 0,
    "uncheckedKeysByFile": [],
    "unmatched": 0,
    "updated": 0
  },
  "startTime": 1708332524593,
  "success": false,
  "testResults": [
    {
      "leaks": false,
      "numFailingTests": 0,
      "numPassingTests": 5,
      "numPendingTests": 0,
      "numTodoTests": 0,
      "openHandles": [],
      "perfStats": {
        "end": 1708332527535,
        "runtime": 2590,
        "slow": false,
        "start": 1708332524945
      },
      "skipped": false,
      "snapshot": {
        "added": 0,
        "fileDeleted": false,
        "matched": 0,
        "unchecked": 0,
        "uncheckedKeys": [],
        "unmatched": 0,
        "updated": 0
      },
      "testFilePath": "/home/arits/development/jestprojects/jestUnitTest/app/components/library/form/FileDragAndDrop/FileDragDrop.test.tsx",
      "testResults": [
        {
          "ancestorTitles": [
            "FileDragDrop"
          ],
          "duration": 55,
          "failureDetails": [],
          "failureMessages": [],
          "fullName": "FileDragDrop should render without crashing",
          "invocations": 1,
          "location": null,
          "numPassingAsserts": 0,
          "retryReasons": [],
          "status": "passed",
          "title": "should render without crashing"
        },
        {
          "ancestorTitles": [
            "FileDragDrop"
          ],
          "duration": 25,
          "failureDetails": [],
          "failureMessages": [],
          "fullName": "FileDragDrop should render with correct text",
          "invocations": 1,
          "location": null,
          "numPassingAsserts": 2,
          "retryReasons": [],
          "status": "passed",
          "title": "should render with correct text"
        },
        {
          "ancestorTitles": [
            "FileDragDrop"
          ],
          "duration": 37,
          "failureDetails": [],
          "failureMessages": [],
          "fullName": "FileDragDrop should handle file drop",
          "invocations": 1,
          "location": null,
          "numPassingAsserts": 1,
          "retryReasons": [],
          "status": "passed",
          "title": "should handle file drop"
        },
        {
          "ancestorTitles": [
            "FileDragDrop"
          ],
          "duration": 29,
          "failureDetails": [],
          "failureMessages": [],
          "fullName": "FileDragDrop should handle single file upload",
          "invocations": 1,
          "location": null,
          "numPassingAsserts": 1,
          "retryReasons": [],
          "status": "passed",
          "title": "should handle single file upload"
        },
        {
          "ancestorTitles": [
            "FileDragDrop"
          ],
          "duration": 21,
          "failureDetails": [],
          "failureMessages": [],
          "fullName": "FileDragDrop should handle multiple file uploads",
          "invocations": 1,
          "location": null,
          "numPassingAsserts": 1,
          "retryReasons": [],
          "status": "passed",
          "title": "should handle multiple file uploads"
        }
      ],
      "failureMessage": null
    }
  ],
  "wasInterrupted": false
}